  main.cpp
imgui.obj : error LNK2001: unresolved external symbol "public: void __thiscall ImGuiMenuColumns::Update(int,float,bool)" (?Update@ImGuiMenuColumns@@QAEXHM_N@Z)
imgui.obj : error LNK2001: unresolved external symbol "public: __thiscall ImGuiMenuColumns::ImGuiMenuColumns(void)" (??0ImGuiMenuColumns@@QAE@XZ)
imgui.obj : error LNK2001: unresolved external symbol "void __cdecl ImGui::TextV(char const *,char *)" (?TextV@ImGui@@YAXPBDPAD@Z)
imgui.obj : error LNK2001: unresolved external symbol "void __cdecl ImGui::BulletText(char const *,...)" (?BulletText@ImGui@@YAXPBDZZ)
imgui.obj : error LNK2001: unresolved external symbol "bool __cdecl ImGui::Checkbox(char const *,bool *)" (?Checkbox@ImGui@@YA_NPBDPA_N@Z)
imgui.obj : error LNK2001: unresolved external symbol "void __cdecl ImGui::TextColored(struct ImVec4 const &,char const *,...)" (?TextColored@ImGui@@YAXABUImVec4@@PBDZZ)
imgui.obj : error LNK2001: unresolved external symbol "bool __cdecl ImGui::InputText(char const *,char *,unsigned int,int,int (__cdecl*)(struct ImGuiInputTextCallbackData *),void *)" (?InputText@ImGui@@YA_NPBDPADIHP6AHPAUImGuiInputTextCallbackData@@@ZPAX@Z)
imgui.obj : error LNK2001: unresolved external symbol "bool __cdecl ImGui::Selectable(char const *,bool,int,struct ImVec2 const &)" (?Selectable@ImGui@@YA_NPBD_NHABUImVec2@@@Z)
imgui.obj : error LNK2001: unresolved external symbol "bool __cdecl ImGui::TreeNode(char const *)" (?TreeNode@ImGui@@YA_NPBD@Z)
imgui.obj : error LNK2001: unresolved external symbol "bool __cdecl ImGui::TreeNode(char const *,char const *,...)" (?TreeNode@ImGui@@YA_NPBD0ZZ)
imgui.obj : error LNK2001: unresolved external symbol "bool __cdecl ImGui::TreeNode(void const *,char const *,...)" (?TreeNode@ImGui@@YA_NPBXPBDZZ)
imgui.obj : error LNK2001: unresolved external symbol "bool __cdecl ImGui::Button(char const *,struct ImVec2 const &)" (?Button@ImGui@@YA_NPBDABUImVec2@@@Z)
imgui.obj : error LNK2001: unresolved external symbol "void __cdecl ImGui::TreePop(void)" (?TreePop@ImGui@@YAXXZ)
imgui.obj : error LNK2001: unresolved external symbol "bool __cdecl ImGui::ButtonBehavior(struct ImRect const &,unsigned int,bool *,bool *,int)" (?ButtonBehavior@ImGui@@YA_NABUImRect@@IPA_N1H@Z)
imgui.obj : error LNK2001: unresolved external symbol "bool __cdecl ImGui::CloseButton(unsigned int,struct ImVec2 const &,float)" (?CloseButton@ImGui@@YA_NIABUImVec2@@M@Z)
imgui.obj : error LNK2001: unresolved external symbol "bool __cdecl ImGui::CollapseButton(unsigned int,struct ImVec2 const &)" (?CollapseButton@ImGui@@YA_NIABUImVec2@@@Z)
imgui.obj : error LNK2001: unresolved external symbol "bool __cdecl ImGui::SliderInt(char const *,int *,int,int,char const *)" (?SliderInt@ImGui@@YA_NPBDPAHHH0@Z)
imgui.obj : error LNK2001: unresolved external symbol "void __cdecl ImGui::TabBarQueueChangeTabOrder(struct ImGuiTabBar *,struct ImGuiTabItem const *,int)" (?TabBarQueueChangeTabOrder@ImGui@@YAXPAUImGuiTabBar@@PBUImGuiTabItem@@H@Z)
imgui.obj : error LNK2001: unresolved external symbol "void __cdecl ImGui::Scrollbar(enum ImGuiAxis)" (?Scrollbar@ImGui@@YAXW4ImGuiAxis@@@Z)
imgui.obj : error LNK2001: unresolved external symbol "void __cdecl ImGui::Separator(void)" (?Separator@ImGui@@YAXXZ)
imgui.obj : error LNK2001: unresolved external symbol "bool __cdecl ImGui::SmallButton(char const *)" (?SmallButton@ImGui@@YA_NPBD@Z)
imgui.obj : error LNK2001: unresolved external symbol "void __cdecl ImGui::Text(char const *,...)" (?Text@ImGui@@YAXPBDZZ)
C:\Users\liamh\Desktop\FlappyClone\Release\FlappyClone.exe : fatal error LNK1120: 22 unresolved externals
